SF:lib\core\models\note.dart
DA:30,1
DA:43,1
DA:54,1
DA:55,1
DA:56,1
DA:57,1
DA:58,1
DA:59,1
DA:60,1
DA:61,1
DA:62,1
DA:63,1
DA:68,1
DA:69,1
DA:70,1
DA:71,1
DA:72,1
DA:73,2
DA:74,3
DA:75,3
DA:76,1
DA:77,1
DA:78,1
DA:83,1
DA:84,1
DA:85,1
DA:86,1
DA:87,1
DA:88,2
DA:89,2
DA:90,2
DA:91,2
DA:92,1
DA:93,1
DA:98,0
DA:99,0
DA:100,0
DA:102,0
DA:107,1
DA:108,1
DA:110,1
DA:111,3
DA:112,0
DA:122,1
DA:123,1
DA:125,2
DA:127,0
DA:129,0
DA:130,0
DA:132,0
DA:136,1
DA:137,1
DA:138,2
DA:140,0
DA:144,7
DA:146,0
DA:148,0
DA:149,0
DA:150,0
DA:154,0
DA:155,0
DA:156,0
DA:157,0
DA:158,0
DA:159,0
DA:160,0
DA:161,0
DA:162,0
DA:163,0
DA:164,0
DA:168,0
DA:170,0
DA:176,1
DA:177,1
DA:178,3
DA:179,3
DA:180,2
DA:183,0
DA:185,0
LF:79
LH:50
end_of_record
SF:lib\core\models\task_model.dart
DA:22,1
DA:39,1
DA:40,2
DA:41,3
DA:45,1
DA:46,1
DA:47,1
DA:48,4
DA:49,4
DA:50,4
DA:54,0
DA:55,0
DA:56,0
DA:57,0
DA:58,0
DA:62,1
DA:63,2
DA:64,1
DA:66,1
DA:68,1
DA:70,1
DA:78,0
DA:79,0
DA:80,0
DA:82,0
DA:84,0
DA:86,0
DA:94,0
DA:95,0
DA:96,0
DA:97,0
DA:98,0
DA:99,0
DA:100,0
DA:101,0
DA:102,0
DA:103,0
DA:104,0
DA:106,0
DA:107,0
DA:109,0
DA:110,0
DA:111,0
DA:112,0
DA:113,0
DA:118,0
DA:119,0
DA:121,0
DA:122,0
DA:123,0
DA:124,0
DA:125,0
DA:126,0
DA:128,0
DA:129,0
DA:130,0
DA:131,0
DA:132,0
DA:133,0
DA:138,1
DA:153,1
DA:154,1
DA:155,1
DA:156,1
DA:157,1
DA:158,1
DA:159,1
DA:160,1
DA:161,1
DA:162,1
DA:163,1
DA:164,1
DA:165,1
DA:166,1
LF:74
LH:31
end_of_record
SF:lib\core\models\user_model.dart
DA:17,1
DA:29,0
DA:30,0
DA:31,0
DA:32,0
DA:33,0
DA:34,0
DA:35,0
DA:36,0
DA:37,0
DA:42,0
DA:43,0
DA:44,0
DA:45,0
DA:46,0
DA:47,0
DA:48,0
DA:49,0
DA:50,0
DA:51,0
DA:53,0
DA:54,0
DA:59,0
DA:60,0
DA:61,0
DA:62,0
DA:63,0
DA:64,0
DA:65,0
DA:66,0
DA:67,0
DA:68,0
DA:69,0
DA:70,0
DA:71,0
DA:73,0
DA:74,0
DA:79,0
DA:80,0
DA:81,0
DA:82,0
DA:83,0
DA:84,0
DA:85,0
DA:86,0
DA:87,0
DA:88,0
DA:93,1
DA:103,1
DA:104,1
DA:105,1
DA:106,1
DA:107,1
DA:108,1
DA:109,1
DA:110,1
DA:111,1
DA:116,1
DA:117,3
DA:118,2
DA:119,2
DA:120,6
DA:122,3
DA:124,0
DA:128,0
DA:129,0
DA:132,0
DA:134,0
DA:137,0
DA:140,0
DA:143,0
DA:144,0
LF:72
LH:17
end_of_record
SF:lib\core\models\task_group.dart
DA:20,0
DA:35,0
DA:36,0
DA:37,0
DA:41,0
DA:44,0
DA:45,0
DA:46,0
DA:47,0
DA:48,0
DA:49,0
DA:50,0
DA:51,0
DA:52,0
DA:53,0
DA:54,0
DA:56,0
DA:57,0
DA:58,0
DA:59,0
DA:64,0
DA:65,0
DA:66,0
DA:67,0
DA:68,0
DA:69,0
DA:70,0
DA:71,0
DA:72,0
DA:73,0
DA:74,0
DA:75,0
DA:80,0
DA:93,0
DA:94,0
DA:95,0
DA:96,0
DA:97,0
DA:98,0
DA:99,0
DA:100,0
DA:101,0
DA:102,0
DA:103,0
DA:104,0
LF:45
LH:0
end_of_record
SF:lib\core\services\local_notifications_service.dart
DA:15,0
DA:16,0
DA:18,0
DA:20,0
DA:28,0
DA:29,0
DA:33,0
DA:52,0
DA:54,0
DA:57,0
DA:58,0
DA:60,0
DA:66,0
DA:67,0
DA:72,0
DA:73,0
DA:75,0
DA:79,0
DA:91,0
DA:97,0
DA:119,0
DA:123,0
DA:130,0
DA:152,0
DA:156,0
DA:166,0
DA:171,0
DA:172,0
DA:177,0
DA:182,0
DA:188,0
DA:190,0
DA:192,0
DA:195,0
DA:197,0
DA:202,0
DA:209,0
DA:231,0
DA:232,0
DA:235,0
DA:236,0
DA:239,0
DA:243,0
DA:253,0
DA:254,0
DA:258,0
DA:259,0
DA:260,0
DA:264,0
DA:265,0
DA:269,0
DA:270,0
DA:271,0
DA:275,0
DA:276,0
DA:280,0
DA:286,0
DA:287,0
DA:288,0
DA:296,0
DA:297,0
DA:307,0
DA:308,0
LF:63
LH:0
end_of_record
SF:lib\core\theme\app_theme.dart
DA:43,0
DA:44,0
DA:47,0
DA:73,0
DA:75,0
DA:76,0
DA:83,0
DA:90,0
DA:91,0
DA:94,0
DA:95,0
DA:98,0
DA:99,0
DA:102,0
DA:103,0
DA:106,0
DA:107,0
DA:115,0
DA:116,0
DA:121,0
DA:122,0
DA:133,0
DA:134,0
DA:145,0
DA:146,0
DA:150,0
DA:151,0
DA:269,0
DA:272,0
DA:273,0
DA:281,0
DA:282,0
DA:285,0
DA:302,0
DA:303,0
DA:304,0
LF:36
LH:0
end_of_record
SF:lib\features\auth\login\forgot_password_dialog.dart
DA:15,1
DA:17,0
DA:18,0
DA:27,0
DA:29,0
DA:30,0
DA:33,0
DA:34,0
DA:37,0
DA:39,0
DA:42,0
DA:43,0
DA:46,0
DA:48,0
DA:49,0
DA:50,0
DA:53,0
DA:54,0
DA:56,0
DA:57,0
DA:58,0
DA:59,0
DA:68,0
DA:70,0
DA:71,0
DA:72,0
DA:74,0
DA:76,0
DA:77,0
DA:78,0
DA:81,0
DA:83,0
DA:87,0
DA:92,0
DA:93,0
DA:94,0
DA:95,0
DA:98,0
DA:100,0
DA:102,0
DA:104,0
DA:113,0
DA:116,0
DA:117,0
DA:130,0
DA:132,0
DA:139,0
DA:141,0
DA:150,0
DA:151,0
DA:157,0
DA:158,0
DA:159,0
DA:162,0
DA:172,0
DA:174,0
DA:175,0
DA:183,0
DA:184,0
DA:186,0
DA:188,0
DA:191,0
DA:192,0
DA:205,0
DA:207,0
DA:216,0
DA:218,0
DA:227,0
DA:229,0
DA:230,0
DA:231,0
DA:233,0
DA:234,0
DA:245,0
DA:247,0
DA:248,0
DA:249,0
DA:250,0
DA:251,0
DA:254,0
DA:255,0
DA:262,0
DA:263,0
DA:265,0
DA:277,0
DA:279,0
LF:86
LH:1
end_of_record
SF:lib\features\auth\services\auth_service.dart
DA:12,0
DA:13,0
DA:14,0
DA:20,0
DA:23,0
DA:26,0
DA:27,0
DA:29,0
DA:34,0
DA:39,0
DA:40,0
DA:41,0
DA:45,0
DA:46,0
DA:50,0
DA:51,0
DA:53,0
DA:58,0
DA:64,0
DA:65,0
DA:66,0
DA:70,0
DA:71,0
DA:72,0
DA:73,0
DA:74,0
DA:75,0
DA:76,0
DA:80,0
DA:81,0
DA:82,0
DA:83,0
DA:86,0
DA:87,0
DA:91,0
DA:95,0
DA:96,0
DA:98,0
DA:103,0
DA:105,0
DA:106,0
DA:107,0
DA:109,0
DA:114,0
DA:116,0
DA:117,0
DA:118,0
DA:120,0
DA:121,0
DA:123,0
DA:128,0
DA:130,0
DA:132,0
DA:137,0
DA:139,0
DA:142,0
DA:145,0
DA:147,0
DA:148,0
DA:150,0
DA:155,0
DA:160,0
DA:163,0
DA:166,0
DA:170,0
DA:171,0
DA:172,0
DA:175,0
DA:176,0
DA:178,0
DA:183,0
DA:185,0
DA:186,0
DA:187,0
DA:191,0
DA:196,0
DA:198,0
DA:199,0
DA:203,0
DA:208,0
DA:210,0
DA:211,0
DA:212,0
DA:213,0
DA:216,0
DA:218,0
DA:219,0
DA:221,0
DA:226,0
DA:232,0
DA:235,0
DA:237,0
DA:239,0
DA:240,0
DA:242,0
DA:247,0
DA:248,0
DA:249,0
DA:251,0
DA:253,0
DA:255,0
DA:257,0
DA:259,0
DA:261,0
DA:263,0
DA:265,0
DA:267,0
DA:270,0
DA:275,0
DA:278,0
DA:281,0
DA:284,0
LF:112
LH:0
end_of_record
SF:lib\features\auth\widgets\auth_text_field.dart
DA:24,0
DA:43,0
DA:44,0
DA:50,0
DA:52,0
DA:53,0
DA:54,0
DA:55,0
DA:56,0
DA:57,0
DA:58,0
DA:59,0
DA:60,0
DA:61,0
DA:62,0
DA:64,0
DA:65,0
DA:66,0
DA:67,0
DA:68,0
DA:69,0
DA:71,0
DA:72,0
DA:73,0
DA:74,0
DA:77,0
DA:78,0
DA:79,0
LF:28
LH:0
end_of_record
SF:lib\features\auth\widgets\auth_button.dart
DA:16,0
DA:27,0
DA:29,0
DA:30,0
DA:32,0
DA:33,0
DA:34,0
DA:49,0
DA:50,0
DA:51,0
DA:52,0
DA:54,0
DA:55,0
DA:58,0
DA:59,0
DA:62,0
DA:64,0
DA:65,0
DA:66,0
DA:69,0
DA:70,0
DA:71,0
DA:74,0
DA:82,0
DA:84,0
DA:86,0
DA:87,0
DA:88,0
DA:89,0
DA:95,0
DA:96,0
DA:97,0
DA:101,0
DA:102,0
DA:105,0
DA:107,0
DA:108,0
DA:109,0
DA:112,0
DA:113,0
DA:114,0
DA:117,0
LF:42
LH:0
end_of_record
SF:lib\features\auth\login\login_screen.dart
DA:16,1
DA:18,0
DA:19,0
DA:28,0
DA:30,0
DA:31,0
DA:32,0
DA:35,0
DA:36,0
DA:38,0
DA:41,0
DA:42,0
DA:43,0
DA:46,0
DA:47,0
DA:48,0
DA:52,0
DA:53,0
DA:54,0
DA:55,0
DA:61,0
DA:62,0
DA:67,0
DA:68,0
DA:69,0
DA:70,0
DA:74,0
DA:75,0
DA:76,0
DA:80,0
DA:82,0
DA:83,0
DA:84,0
DA:86,0
DA:87,0
DA:88,0
DA:90,0
DA:92,0
DA:94,0
DA:97,0
DA:99,0
DA:100,0
DA:101,0
DA:102,0
DA:116,0
DA:118,0
DA:122,0
DA:124,0
DA:130,0
DA:131,0
DA:137,0
DA:138,0
DA:141,0
DA:148,0
DA:149,0
DA:155,0
DA:156,0
DA:157,0
DA:160,0
DA:167,0
DA:169,0
DA:170,0
DA:175,0
DA:177,0
DA:178,0
DA:182,0
DA:183,0
DA:185,0
DA:187,0
DA:189,0
DA:198,0
DA:200,0
DA:201,0
DA:203,0
DA:207,0
DA:208,0
DA:219,0
DA:221,0
LF:78
LH:1
end_of_record
SF:lib\features\auth\register\register_screen.dart
DA:13,1
DA:15,0
DA:16,0
DA:28,0
DA:30,0
DA:31,0
DA:32,0
DA:33,0
DA:34,0
DA:37,0
DA:38,0
DA:40,0
DA:41,0
DA:52,0
DA:54,0
DA:57,0
DA:58,0
DA:59,0
DA:60,0
DA:63,0
DA:65,0
DA:67,0
DA:68,0
DA:70,0
DA:82,0
DA:83,0
DA:84,0
DA:85,0
DA:86,0
DA:95,0
DA:96,0
DA:97,0
DA:98,0
DA:99,0
DA:106,0
DA:107,0
DA:112,0
DA:114,0
DA:115,0
DA:119,0
DA:120,0
DA:122,0
DA:123,0
DA:124,0
DA:126,0
DA:130,0
DA:133,0
DA:135,0
DA:136,0
DA:137,0
DA:138,0
DA:154,0
DA:156,0
DA:163,0
DA:165,0
DA:174,0
DA:175,0
DA:180,0
DA:181,0
DA:184,0
DA:194,0
DA:195,0
DA:201,0
DA:202,0
DA:205,0
DA:215,0
DA:216,0
DA:222,0
DA:223,0
DA:226,0
DA:229,0
DA:230,0
DA:240,0
DA:241,0
DA:247,0
DA:248,0
DA:249,0
DA:252,0
DA:262,0
DA:263,0
DA:264,0
DA:265,0
DA:266,0
DA:267,0
DA:268,0
DA:273,0
DA:274,0
DA:275,0
DA:276,0
DA:277,0
DA:280,0
DA:282,0
DA:292,0
DA:294,0
DA:295,0
DA:302,0
DA:304,0
DA:305,0
DA:307,0
DA:311,0
DA:312,0
LF:101
LH:1
end_of_record
SF:lib\features\dashboard\home_screen.dart
DA:24,0
DA:32,1
DA:34,0
DA:35,0
DA:72,0
DA:74,0
DA:75,0
DA:76,0
DA:78,0
DA:80,0
DA:81,0
DA:82,0
DA:83,0
DA:86,0
DA:87,0
DA:90,0
DA:92,0
DA:93,0
DA:94,0
DA:95,0
DA:96,0
DA:100,0
DA:101,0
DA:104,0
DA:105,0
DA:106,0
DA:111,0
DA:112,0
DA:115,0
DA:116,0
DA:117,0
DA:118,0
DA:119,0
DA:120,0
DA:121,0
DA:122,0
DA:124,0
DA:125,0
DA:126,0
DA:127,0
DA:128,0
DA:129,0
DA:135,0
DA:136,0
DA:137,0
DA:138,0
DA:139,0
DA:143,0
DA:144,0
DA:145,0
DA:146,0
DA:147,0
DA:152,0
DA:153,0
DA:154,0
DA:155,0
DA:156,0
DA:157,0
DA:158,0
DA:159,0
DA:163,0
DA:165,0
DA:166,0
DA:168,0
DA:169,0
DA:170,0
DA:171,0
DA:172,0
DA:173,0
DA:174,0
DA:175,0
DA:176,0
DA:177,0
DA:178,0
DA:179,0
DA:180,0
DA:181,0
DA:188,0
DA:190,0
DA:196,0
DA:197,0
DA:200,0
DA:201,0
DA:202,0
DA:204,0
DA:205,0
DA:206,0
DA:210,0
DA:213,0
DA:214,0
DA:215,0
DA:217,0
DA:218,0
DA:219,0
DA:228,0
DA:230,0
DA:238,0
DA:239,0
DA:240,0
DA:242,0
DA:243,0
DA:244,0
DA:248,0
DA:249,0
DA:250,0
DA:251,0
DA:252,0
DA:253,0
DA:258,0
DA:259,0
DA:261,0
DA:262,0
DA:263,0
DA:270,0
DA:271,0
DA:272,0
DA:278,0
DA:279,0
DA:282,0
DA:283,0
DA:285,0
DA:287,0
DA:288,0
DA:289,0
DA:291,0
DA:292,0
DA:294,0
DA:296,0
DA:297,0
DA:299,0
DA:300,0
DA:301,0
DA:316,0
DA:317,0
DA:319,0
DA:320,0
DA:326,0
DA:330,0
DA:331,0
DA:332,0
DA:333,0
DA:336,0
DA:338,0
DA:339,0
DA:345,0
DA:346,0
DA:347,0
DA:348,0
DA:349,0
DA:351,0
DA:352,0
DA:354,0
DA:356,0
DA:358,0
DA:360,0
DA:361,0
DA:362,0
DA:375,0
DA:376,0
DA:378,0
DA:379,0
DA:383,0
DA:385,0
DA:395,0
DA:396,0
DA:397,0
DA:398,0
DA:400,0
DA:402,0
DA:403,0
DA:409,0
DA:411,0
DA:412,0
DA:415,0
DA:418,0
DA:427,0
DA:428,0
DA:429,0
DA:435,0
DA:436,0
DA:437,0
DA:445,0
DA:446,0
DA:450,0
DA:451,0
DA:453,0
DA:454,0
DA:458,0
DA:459,0
DA:462,0
DA:463,0
DA:464,0
DA:465,0
DA:466,0
DA:467,0
DA:478,0
DA:479,0
DA:480,0
DA:481,0
DA:482,0
DA:483,0
DA:484,0
DA:487,0
DA:489,0
DA:491,0
DA:493,0
DA:495,0
DA:496,0
DA:497,0
DA:499,0
DA:501,0
DA:503,0
DA:505,0
DA:506,0
DA:507,0
DA:512,0
DA:513,0
DA:514,0
DA:516,0
DA:517,0
DA:518,0
DA:527,0
DA:528,0
DA:529,0
DA:530,0
DA:531,0
DA:538,0
DA:539,0
DA:540,0
DA:542,0
DA:544,0
DA:545,0
DA:546,0
DA:550,0
DA:551,0
DA:553,0
DA:554,0
DA:555,0
DA:562,0
DA:563,0
DA:564,0
DA:576,0
DA:577,0
DA:585,0
DA:586,0
DA:587,0
DA:591,0
DA:592,0
DA:593,0
DA:594,0
DA:596,0
DA:601,0
DA:602,0
DA:603,0
DA:605,0
DA:606,0
DA:607,0
DA:609,0
DA:610,0
DA:612,0
DA:614,0
DA:617,0
DA:623,0
DA:625,0
DA:626,0
DA:627,0
DA:630,0
DA:632,0
DA:633,0
DA:644,0
DA:645,0
DA:646,0
DA:647,0
DA:649,0
DA:653,0
DA:655,0
DA:656,0
DA:657,0
DA:658,0
DA:660,0
DA:661,0
DA:663,0
DA:664,0
DA:665,0
DA:666,0
DA:667,0
DA:668,0
DA:670,0
DA:674,0
DA:675,0
DA:676,0
DA:678,0
DA:679,0
DA:680,0
DA:681,0
DA:685,0
DA:686,0
DA:687,0
DA:689,0
DA:690,0
DA:691,0
DA:694,0
DA:696,0
DA:698,0
DA:700,0
DA:702,0
DA:708,0
DA:709,0
DA:710,0
DA:711,0
DA:717,0
DA:718,0
DA:719,0
DA:720,0
DA:722,0
DA:723,0
DA:724,0
DA:725,0
DA:732,0
DA:734,0
DA:737,0
DA:743,0
DA:745,0
DA:746,0
DA:747,0
DA:749,0
DA:750,0
DA:752,0
DA:768,0
DA:769,0
DA:771,0
DA:773,0
DA:774,0
DA:775,0
DA:776,0
DA:777,0
DA:779,0
DA:783,0
DA:784,0
DA:785,0
DA:786,0
DA:787,0
DA:791,0
DA:792,0
DA:794,0
DA:797,0
DA:804,0
DA:805,0
DA:807,0
DA:810,0
DA:812,0
DA:814,0
DA:818,0
DA:820,0
DA:825,0
DA:827,0
DA:837,0
DA:844,0
DA:846,0
DA:848,0
DA:849,0
DA:850,0
DA:851,0
DA:857,0
DA:860,0
DA:861,0
DA:863,0
DA:864,0
DA:866,0
DA:867,0
DA:868,0
DA:870,0
DA:872,0
DA:874,0
DA:875,0
DA:877,0
DA:884,0
DA:886,0
DA:889,0
DA:896,0
DA:898,0
DA:901,0
DA:909,0
DA:910,0
DA:912,0
DA:914,0
DA:915,0
DA:916,0
DA:917,0
DA:923,0
DA:925,0
DA:926,0
DA:928,0
DA:934,0
DA:936,0
DA:937,0
DA:943,0
DA:949,0
DA:955,0
DA:968,0
DA:969,0
DA:970,0
DA:971,0
DA:972,0
DA:974,0
DA:975,0
DA:976,0
DA:979,0
DA:980,0
DA:981,0
DA:983,0
DA:986,0
DA:988,0
DA:999,0
DA:1000,0
DA:1004,0
DA:1008,0
DA:1012,0
DA:1016,0
DA:1026,0
DA:1027,0
DA:1028,0
DA:1029,0
DA:1030,0
DA:1031,0
DA:1035,0
DA:1037,0
DA:1039,0
DA:1040,0
DA:1041,0
DA:1042,0
DA:1048,0
DA:1050,0
DA:1051,0
DA:1052,0
DA:1053,0
DA:1054,0
DA:1055,0
DA:1057,0
DA:1058,0
DA:1059,0
DA:1063,0
DA:1064,0
DA:1070,0
DA:1072,0
DA:1073,0
DA:1074,0
DA:1076,0
DA:1077,0
DA:1078,0
DA:1080,0
DA:1083,0
DA:1084,0
DA:1086,0
DA:1087,0
DA:1088,0
DA:1089,0
DA:1097,0
DA:1098,0
DA:1099,0
DA:1101,0
DA:1109,0
DA:1110,0
DA:1111,0
DA:1112,0
DA:1113,0
DA:1114,0
DA:1117,0
DA:1120,0
DA:1122,0
DA:1125,0
DA:1126,0
DA:1127,0
DA:1134,0
DA:1136,0
DA:1140,0
DA:1142,0
DA:1157,0
DA:1163,0
DA:1165,0
DA:1166,0
DA:1167,0
DA:1168,0
DA:1169,0
DA:1171,0
DA:1178,0
DA:1180,0
DA:1182,0
DA:1183,0
DA:1184,0
DA:1185,0
DA:1191,0
DA:1192,0
DA:1193,0
DA:1194,0
DA:1196,0
DA:1197,0
DA:1199,0
DA:1202,0
DA:1203,0
DA:1204,0
DA:1206,0
DA:1208,0
DA:1209,0
DA:1210,0
DA:1211,0
DA:1217,0
DA:1218,0
DA:1219,0
DA:1225,0
DA:1227,0
DA:1228,0
DA:1229,0
DA:1231,0
DA:1233,0
DA:1234,0
DA:1235,0
DA:1237,0
DA:1238,0
DA:1239,0
DA:1240,0
DA:1246,0
DA:1247,0
DA:1248,0
DA:1255,0
DA:1256,0
DA:1257,0
DA:1258,0
DA:1264,0
DA:1265,0
DA:1266,0
DA:1267,0
DA:1268,0
DA:1277,0
DA:1279,0
DA:1288,0
DA:1293,0
DA:1295,0
DA:1297,0
DA:1298,0
DA:1299,0
DA:1300,0
DA:1306,0
DA:1307,0
DA:1308,0
DA:1309,0
DA:1311,0
DA:1312,0
DA:1313,0
DA:1315,0
DA:1316,0
DA:1317,0
DA:1319,0
DA:1322,0
DA:1323,0
DA:1325,0
DA:1326,0
DA:1327,0
DA:1328,0
DA:1334,0
DA:1335,0
DA:1336,0
DA:1337,0
DA:1346,0
DA:1347,0
DA:1348,0
DA:1354,0
DA:1356,0
DA:1365,0
DA:1370,0
DA:1373,0
DA:1374,0
DA:1375,0
DA:1379,0
DA:1380,0
DA:1382,0
DA:1383,0
DA:1384,0
DA:1386,0
DA:1387,0
DA:1389,0
DA:1390,0
DA:1391,0
DA:1399,0
DA:1401,0
DA:1402,0
DA:1404,0
DA:1416,0
DA:1417,0
DA:1418,0
DA:1421,0
DA:1430,0
DA:1432,0
DA:1433,0
DA:1436,0
DA:1437,0
DA:1438,0
DA:1442,0
DA:1444,0
DA:1452,0
DA:1454,0
DA:1456,0
DA:1458,0
DA:1460,0
DA:1461,0
DA:1463,0
DA:1469,0
DA:1471,0
DA:1472,0
DA:1476,0
DA:1477,0
DA:1478,0
DA:1481,0
DA:1485,0
DA:1486,0
DA:1487,0
DA:1490,0
DA:1494,0
DA:1495,0
DA:1496,0
DA:1499,0
DA:1503,0
DA:1504,0
DA:1505,0
DA:1516,0
DA:1518,0
DA:1521,0
DA:1524,0
DA:1525,0
DA:1531,0
DA:1537,0
DA:1543,0
DA:1558,0
DA:1564,0
DA:1566,0
DA:1567,0
DA:1568,0
DA:1569,0
DA:1572,0
DA:1573,0
DA:1574,0
DA:1576,0
DA:1579,0
DA:1581,0
DA:1591,0
DA:1592,0
DA:1593,0
DA:1594,0
DA:1595,0
DA:1596,0
DA:1597,0
DA:1598,0
DA:1600,0
DA:1601,0
DA:1602,0
DA:1610,0
DA:1612,0
DA:1616,0
DA:1618,0
DA:1619,0
DA:1620,0
DA:1621,0
DA:1623,0
DA:1630,0
DA:1632,0
DA:1634,0
DA:1636,0
DA:1637,0
DA:1644,0
DA:1645,0
DA:1647,0
DA:1649,0
DA:1658,0
DA:1659,0
DA:1660,0
DA:1661,0
DA:1663,0
DA:1664,0
DA:1667,0
DA:1668,0
DA:1669,0
DA:1670,0
DA:1671,0
DA:1673,0
DA:1675,0
DA:1683,0
DA:1689,0
DA:1690,0
DA:1691,0
DA:1692,0
DA:1694,0
DA:1696,0
DA:1697,0
DA:1699,0
DA:1700,0
DA:1701,0
DA:1703,0
DA:1706,0
DA:1708,0
DA:1718,0
DA:1719,0
DA:1721,0
DA:1725,0
DA:1726,0
DA:1727,0
DA:1729,0
DA:1733,0
DA:1734,0
DA:1735,0
DA:1736,0
DA:1737,0
DA:1738,0
DA:1740,0
DA:1742,0
DA:1743,0
DA:1751,0
DA:1761,0
DA:1762,0
DA:1763,0
DA:1764,0
DA:1766,0
DA:1767,0
DA:1770,0
DA:1771,0
DA:1772,0
DA:1774,0
DA:1775,0
DA:1776,0
DA:1777,0
DA:1778,0
DA:1779,0
DA:1780,0
DA:1782,0
DA:1783,0
DA:1786,0
DA:1787,0
DA:1788,0
DA:1789,0
DA:1793,0
DA:1800,0
DA:1802,0
DA:1805,0
DA:1806,0
DA:1807,0
DA:1808,0
DA:1809,0
DA:1811,0
DA:1814,0
DA:1815,0
DA:1816,0
DA:1817,0
DA:1818,0
DA:1819,0
DA:1820,0
DA:1822,0
DA:1823,0
DA:1824,0
DA:1832,0
DA:1834,0
DA:1838,0
DA:1840,0
DA:1842,0
DA:1844,0
DA:1847,0
DA:1848,0
DA:1850,0
DA:1851,0
DA:1852,0
DA:1856,0
DA:1858,0
DA:1860,0
DA:1862,0
DA:1864,0
DA:1867,0
DA:1870,0
DA:1871,0
DA:1873,0
DA:1874,0
DA:1875,0
DA:1876,0
DA:1877,0
DA:1879,0
DA:1880,0
DA:1881,0
DA:1884,0
DA:1885,0
DA:1886,0
DA:1888,0
DA:1889,0
DA:1890,0
DA:1892,0
DA:1902,0
DA:1903,0
DA:1904,0
DA:1905,0
DA:1907,0
DA:1908,0
DA:1909,0
DA:1910,0
DA:1911,0
DA:1912,0
DA:1913,0
DA:1916,0
DA:1918,0
DA:1925,0
DA:1926,0
DA:1928,0
DA:1930,0
DA:1931,0
DA:1932,0
DA:1938,0
DA:1939,0
DA:1940,0
DA:1943,0
DA:1944,0
DA:1945,0
DA:1946,0
DA:1947,0
DA:1948,0
DA:1949,0
DA:1950,0
DA:1952,0
DA:1953,0
DA:1954,0
DA:1962,0
DA:1964,0
DA:1968,0
DA:1970,0
DA:1971,0
DA:1973,0
DA:1975,0
DA:1981,0
DA:1983,0
DA:1985,0
DA:1991,0
DA:1992,0
DA:1993,0
DA:1995,0
DA:1998,0
DA:1999,0
DA:2005,0
DA:2006,0
DA:2007,0
DA:2008,0
DA:2009,0
DA:2011,0
DA:2013,0
DA:2022,0
DA:2023,0
DA:2024,0
DA:2025,0
DA:2027,0
DA:2028,0
DA:2031,0
DA:2032,0
DA:2034,0
DA:2037,0
DA:2038,0
DA:2039,0
DA:2040,0
DA:2041,0
DA:2043,0
DA:2044,0
DA:2047,0
DA:2048,0
DA:2051,0
DA:2052,0
DA:2053,0
DA:2054,0
DA:2055,0
DA:2061,0
DA:2069,0
DA:2070,0
DA:2071,0
DA:2072,0
DA:2073,0
DA:2074,0
DA:2075,0
DA:2077,0
DA:2078,0
DA:2079,0
DA:2081,0
DA:2082,0
DA:2083,0
DA:2084,0
DA:2091,0
DA:2092,0
DA:2093,0
DA:2094,0
DA:2096,0
DA:2098,0
DA:2099,0
DA:2101,0
DA:2102,0
DA:2103,0
DA:2104,0
DA:2107,0
DA:2109,0
DA:2110,0
DA:2111,0
DA:2112,0
DA:2121,0
DA:2122,0
DA:2123,0
DA:2125,0
DA:2126,0
DA:2127,0
DA:2128,0
DA:2130,0
DA:2132,0
DA:2134,0
DA:2135,0
DA:2143,0
DA:2153,0
DA:2154,0
DA:2155,0
DA:2156,0
DA:2158,0
DA:2159,0
DA:2162,0
DA:2163,0
DA:2165,0
DA:2166,0
DA:2167,0
DA:2168,0
DA:2169,0
DA:2170,0
DA:2171,0
DA:2172,0
DA:2173,0
DA:2175,0
DA:2176,0
DA:2177,0
DA:2178,0
DA:2179,0
DA:2182,0
DA:2189,0
DA:2191,0
DA:2192,0
DA:2193,0
DA:2194,0
DA:2196,0
DA:2198,0
DA:2199,0
DA:2200,0
DA:2201,0
DA:2202,0
DA:2204,0
DA:2205,0
DA:2206,0
DA:2207,0
DA:2209,0
DA:2210,0
DA:2211,0
DA:2212,0
DA:2213,0
DA:2214,0
DA:2215,0
DA:2216,0
DA:2217,0
DA:2218,0
DA:2219,0
DA:2222,0
DA:2229,0
DA:2230,0
DA:2231,0
DA:2232,0
DA:2233,0
DA:2235,0
DA:2237,0
DA:2238,0
DA:2239,0
DA:2240,0
DA:2241,0
DA:2243,0
DA:2244,0
DA:2245,0
DA:2246,0
DA:2248,0
DA:2254,0
DA:2255,0
DA:2256,0
DA:2257,0
DA:2258,0
DA:2259,0
DA:2267,0
DA:2268,0
DA:2308,0
DA:2310,0
DA:2311,0
DA:2312,0
DA:2314,0
DA:2316,0
DA:2317,0
DA:2319,0
DA:2320,0
DA:2323,0
DA:2324,0
DA:2325,0
DA:2328,0
DA:2329,0
DA:2331,0
DA:2332,0
DA:2335,0
DA:2337,0
DA:2338,0
DA:2339,0
DA:2341,0
DA:2344,0
DA:2347,0
DA:2348,0
DA:2350,0
DA:2351,0
DA:2352,0
DA:2353,0
DA:2355,0
DA:2358,0
DA:2359,0
DA:2360,0
DA:2361,0
DA:2362,0
DA:2363,0
DA:2364,0
DA:2366,0
DA:2367,0
DA:2368,0
DA:2369,0
DA:2381,0
DA:2384,0
DA:2385,0
DA:2386,0
DA:2387,0
DA:2388,0
DA:2396,0
DA:2397,0
DA:2399,0
DA:2402,0
DA:2403,0
DA:2407,0
DA:2408,0
DA:2410,0
DA:2411,0
DA:2414,0
DA:2415,0
DA:2416,0
DA:2419,0
DA:2422,0
DA:2423,0
DA:2424,0
DA:2425,0
DA:2426,0
DA:2427,0
DA:2428,0
DA:2431,0
DA:2432,0
DA:2433,0
DA:2435,0
DA:2436,0
DA:2437,0
DA:2441,0
DA:2442,0
DA:2443,0
DA:2444,0
DA:2454,0
DA:2456,0
DA:2460,0
DA:2461,0
DA:2467,0
DA:2468,0
DA:2469,0
DA:2470,0
DA:2473,0
DA:2475,0
DA:2476,0
DA:2477,0
DA:2479,0
DA:2487,0
DA:2488,0
DA:2489,0
DA:2491,0
DA:2492,0
DA:2494,0
DA:2495,0
DA:2496,0
DA:2497,0
DA:2499,0
DA:2501,0
DA:2502,0
DA:2505,0
DA:2507,0
DA:2508,0
DA:2509,0
DA:2510,0
DA:2513,0
DA:2515,0
DA:2516,0
DA:2517,0
DA:2522,0
DA:2523,0
DA:2531,0
DA:2532,0
DA:2533,0
DA:2539,0
DA:2541,0
DA:2543,0
DA:2549,0
DA:2550,0
DA:2551,0
DA:2553,0
DA:2554,0
DA:2555,0
DA:2565,0
DA:2567,0
DA:2568,0
DA:2569,0
DA:2570,0
DA:2571,0
DA:2572,0
DA:2573,0
DA:2574,0
DA:2577,0
DA:2579,0
DA:2584,0
DA:2586,0
DA:2587,0
DA:2591,0
DA:2592,0
DA:2593,0
DA:2594,0
DA:2595,0
DA:2596,0
DA:2597,0
DA:2598,0
DA:2599,0
DA:2600,0
DA:2601,0
DA:2602,0
DA:2605,0
DA:2606,0
DA:2607,0
DA:2610,0
DA:2611,0
DA:2614,0
DA:2615,0
DA:2616,0
DA:2621,0
DA:2622,0
DA:2625,0
DA:2626,0
DA:2639,0
DA:2640,0
DA:2642,0
DA:2643,0
DA:2644,0
DA:2645,0
DA:2646,0
DA:2647,0
DA:2648,0
DA:2650,0
DA:2662,0
DA:2666,0
DA:2668,0
DA:2669,0
DA:2672,0
DA:2676,0
DA:2677,0
DA:2681,0
DA:2704,0
DA:2705,0
DA:2707,0
DA:2709,0
DA:2710,0
DA:2712,0
DA:2713,0
DA:2715,0
DA:2716,0
DA:2718,0
DA:2719,0
DA:2722,0
DA:2723,0
DA:2724,0
DA:2725,0
DA:2726,0
DA:2727,0
DA:2730,0
DA:2734,0
DA:2740,0
DA:2741,0
DA:2743,0
DA:2745,0
DA:2747,0
DA:2748,0
DA:2752,0
DA:2753,0
DA:2754,0
DA:2755,0
DA:2756,0
DA:2757,0
DA:2765,0
DA:2766,0
DA:2767,0
DA:2768,0
DA:2769,0
DA:2777,0
DA:2778,0
DA:2779,0
DA:2781,0
DA:2782,0
DA:2783,0
DA:2786,0
DA:2793,0
DA:2794,0
DA:2795,0
DA:2797,0
DA:2798,0
DA:2799,0
DA:2800,0
DA:2801,0
DA:2803,0
DA:2804,0
DA:2805,0
DA:2813,0
DA:2814,0
DA:2815,0
DA:2819,0
DA:2822,0
DA:2824,0
DA:2825,0
DA:2826,0
DA:2829,0
DA:2830,0
DA:2831,0
DA:2832,0
DA:2833,0
DA:2835,0
DA:2837,0
DA:2840,0
DA:2841,0
DA:2842,0
DA:2843,0
DA:2845,0
DA:2848,0
DA:2850,0
DA:2858,0
DA:2861,0
DA:2862,0
DA:2866,0
DA:2870,0
DA:2874,0
DA:2886,0
DA:2887,0
DA:2888,0
DA:2892,0
DA:2896,0
DA:2900,0
DA:2907,0
DA:2909,0
DA:2910,0
DA:2911,0
DA:2912,0
DA:2914,0
DA:2915,0
DA:2917,0
DA:2918,0
DA:2919,0
DA:2921,0
DA:2923,0
DA:2924,0
DA:2925,0
DA:2926,0
DA:2927,0
DA:2928,0
DA:2932,0
DA:2934,0
DA:2941,0
DA:2943,0
DA:2944,0
DA:2945,0
DA:2946,0
DA:2950,0
DA:2952,0
DA:2953,0
DA:2954,0
DA:2955,0
DA:2960,0
DA:2961,0
DA:2962,0
DA:2964,0
DA:2965,0
DA:2966,0
DA:2976,0
DA:2978,0
DA:2980,0
DA:2988,0
DA:2990,0
DA:2996,0
DA:2997,0
DA:3000,0
DA:3002,0
DA:3003,0
DA:3004,0
DA:3007,0
DA:3008,0
DA:3009,0
DA:3010,0
DA:3014,0
DA:3015,0
DA:3018,0
DA:3022,0
DA:3023,0
DA:3025,0
DA:3026,0
DA:3029,0
DA:3031,0
DA:3032,0
DA:3033,0
DA:3035,0
DA:3039,0
DA:3040,0
DA:3042,0
DA:3043,0
DA:3044,0
DA:3045,0
DA:3046,0
DA:3047,0
DA:3055,0
DA:3056,0
DA:3060,0
DA:3062,0
DA:3064,0
DA:3065,0
DA:3066,0
DA:3067,0
DA:3068,0
DA:3070,0
DA:3071,0
DA:3072,0
DA:3075,0
DA:3076,0
DA:3077,0
DA:3079,0
DA:3083,0
DA:3084,0
DA:3085,0
DA:3086,0
DA:3087,0
DA:3088,0
DA:3090,0
DA:3091,0
DA:3097,0
DA:3098,0
DA:3099,0
DA:3100,0
DA:3101,0
DA:3109,0
DA:3110,0
DA:3111,0
DA:3113,0
DA:3118,0
DA:3120,0
DA:3122,0
DA:3126,0
DA:3128,0
DA:3129,0
DA:3131,0
DA:3133,0
DA:3136,0
DA:3140,0
DA:3141,0
DA:3142,0
DA:3143,0
DA:3144,0
DA:3145,0
DA:3146,0
DA:3149,0
DA:3150,0
DA:3151,0
DA:3152,0
DA:3153,0
DA:3154,0
DA:3155,0
DA:3159,0
DA:3160,0
DA:3163,0
DA:3165,0
DA:3167,0
DA:3168,0
DA:3169,0
DA:3171,0
DA:3172,0
DA:3173,0
DA:3182,0
DA:3184,0
DA:3190,0
DA:3191,0
DA:3192,0
DA:3194,0
DA:3204,0
DA:3205,0
DA:3206,0
DA:3207,0
DA:3208,0
DA:3209,0
DA:3210,0
DA:3212,0
DA:3213,0
DA:3214,0
DA:3222,0
DA:3223,0
DA:3225,0
DA:3226,0
DA:3227,0
DA:3229,0
DA:3230,0
DA:3231,0
DA:3236,0
DA:3237,0
DA:3239,0
DA:3240,0
DA:3241,0
DA:3242,0
DA:3243,0
DA:3247,0
DA:3248,0
DA:3249,0
DA:3252,0
DA:3255,0
DA:3257,0
DA:3263,0
DA:3265,0
DA:3267,0
DA:3272,0
DA:3273,0
DA:3275,0
DA:3277,0
DA:3279,0
DA:3283,0
DA:3284,0
DA:3294,0
DA:3295,0
DA:3296,0
DA:3297,0
DA:3300,0
DA:3302,0
DA:3303,0
DA:3305,0
DA:3306,0
DA:3307,0
DA:3308,0
DA:3309,0
DA:3313,0
DA:3314,0
DA:3315,0
DA:3318,0
DA:3321,0
DA:3323,0
DA:3329,0
DA:3331,0
DA:3333,0
DA:3338,0
DA:3339,0
DA:3341,0
DA:3343,0
DA:3345,0
DA:3349,0
DA:3350,0
DA:3359,0
DA:3360,0
DA:3368,0
DA:3369,0
DA:3370,0
DA:3371,0
DA:3374,0
DA:3376,0
DA:3377,0
DA:3378,0
DA:3379,0
DA:3380,0
DA:3381,0
DA:3387,0
DA:3388,0
DA:3390,0
DA:3392,0
DA:3393,0
DA:3394,0
DA:3403,0
DA:3404,0
DA:3405,0
DA:3406,0
DA:3407,0
DA:3408,0
DA:3412,0
DA:3413,0
DA:3415,0
DA:3416,0
DA:3417,0
DA:3418,0
DA:3427,0
DA:3428,0
DA:3429,0
DA:3431,0
DA:3437,0
DA:3439,0
DA:3440,0
DA:3441,0
DA:3443,0
DA:3444,0
DA:3445,0
DA:3455,0
DA:3456,0
DA:3457,0
DA:3459,0
DA:3468,0
DA:3469,0
DA:3470,0
DA:3471,0
DA:3472,0
DA:3473,0
DA:3489,0
DA:3490,0
DA:3492,0
DA:3493,0
DA:3495,0
DA:3505,0
DA:3506,0
DA:3507,0
DA:3508,0
DA:3510,0
DA:3511,0
DA:3513,0
DA:3514,0
DA:3516,0
DA:3517,0
DA:3519,0
DA:3528,0
DA:3529,0
DA:3530,0
DA:3531,0
DA:3532,0
DA:3533,0
DA:3534,0
DA:3536,0
DA:3537,0
DA:3542,0
DA:3546,0
DA:3547,0
DA:3549,0
DA:3550,0
DA:3551,0
DA:3553,0
DA:3554,0
DA:3556,0
DA:3563,0
DA:3577,0
DA:3586,0
DA:3587,0
DA:3588,0
DA:3590,0
DA:3591,0
DA:3592,0
DA:3593,0
DA:3598,0
DA:3599,0
DA:3601,0
DA:3602,0
DA:3603,0
DA:3606,0
DA:3608,0
DA:3609,0
DA:3610,0
DA:3621,0
DA:3622,0
DA:3624,0
DA:3625,0
DA:3627,0
DA:3636,0
DA:3638,0
DA:3639,0
DA:3640,0
DA:3643,0
DA:3648,0
DA:3649,0
DA:3650,0
DA:3652,0
DA:3665,0
DA:3668,0
DA:3679,0
DA:3680,0
DA:3683,0
DA:3684,0
DA:3685,0
DA:3686,0
DA:3688,0
DA:3690,0
DA:3692,0
DA:3694,0
DA:3695,0
DA:3696,0
DA:3697,0
DA:3699,0
DA:3703,0
DA:3711,0
DA:3713,0
DA:3717,0
DA:3718,0
DA:3719,0
DA:3723,0
DA:3724,0
DA:3725,0
DA:3729,0
DA:3730,0
DA:3731,0
DA:3735,0
DA:3736,0
DA:3737,0
DA:3738,0
LF:1616
LH:1
end_of_record
SF:lib\features\auth\splash\animated_splash_screen.dart
DA:15,1
DA:17,0
DA:18,0
DA:31,0
DA:33,0
DA:34,0
DA:35,0
DA:38,0
DA:40,0
DA:46,0
DA:52,0
DA:53,0
DA:54,0
DA:60,0
DA:61,0
DA:62,0
DA:68,0
DA:69,0
DA:70,0
DA:76,0
DA:77,0
DA:78,0
DA:82,0
DA:84,0
DA:85,0
DA:87,0
DA:88,0
DA:90,0
DA:91,0
DA:94,0
DA:96,0
DA:100,0
DA:103,0
DA:105,0
DA:106,0
DA:107,0
DA:108,0
DA:111,0
DA:112,0
DA:119,0
DA:121,0
DA:122,0
DA:123,0
DA:124,0
DA:127,0
DA:128,0
DA:136,0
DA:138,0
DA:139,0
DA:140,0
DA:146,0
DA:148,0
DA:149,0
DA:150,0
DA:153,0
DA:155,0
DA:156,0
DA:160,0
DA:161,0
DA:163,0
DA:165,0
DA:166,0
DA:167,0
DA:168,0
DA:169,0
DA:170,0
DA:171,0
DA:172,0
DA:175,0
DA:177,0
DA:178,0
DA:179,0
DA:180,0
DA:209,0
DA:210,0
DA:214,0
DA:231,0
DA:232,0
DA:236,0
DA:245,0
DA:246,0
DA:247,0
DA:248,0
DA:249,0
DA:250,0
DA:253,0
DA:254,0
DA:255,0
DA:257,0
DA:259,0
DA:260,0
DA:261,0
DA:263,0
DA:264,0
DA:265,0
DA:266,0
DA:276,0
DA:277,0
DA:284,0
DA:285,0
DA:286,0
DA:288,0
LF:102
LH:1
end_of_record
SF:lib\features\dashboard\tasks\tasks_tab_view.dart
DA:17,2
DA:19,0
DA:20,0
DA:29,0
DA:31,0
DA:32,0
DA:35,0
DA:37,0
DA:38,0
DA:41,0
DA:42,0
DA:43,0
DA:47,0
DA:49,0
DA:51,0
DA:52,0
DA:54,0
DA:57,0
DA:62,0
DA:65,0
DA:66,0
DA:67,0
DA:68,0
DA:69,0
DA:70,0
DA:71,0
DA:72,0
DA:76,0
DA:79,0
DA:89,0
DA:90,0
DA:92,0
DA:94,0
DA:96,0
DA:97,0
DA:98,0
DA:104,0
DA:105,0
DA:106,0
DA:107,0
DA:108,0
DA:109,0
DA:110,0
DA:111,0
DA:112,0
DA:113,0
DA:114,0
DA:115,0
DA:116,0
DA:117,0
DA:124,0
DA:125,0
DA:126,0
DA:127,0
DA:129,0
DA:130,0
DA:132,0
DA:133,0
DA:135,0
DA:136,0
DA:137,0
DA:138,0
DA:142,0
DA:143,0
DA:144,0
DA:145,0
DA:147,0
DA:149,0
DA:151,0
DA:153,0
DA:154,0
DA:155,0
DA:158,0
DA:160,0
DA:161,0
DA:162,0
DA:163,0
DA:165,0
DA:166,0
DA:167,0
DA:168,0
DA:174,0
DA:182,0
DA:183,0
DA:184,0
DA:185,0
DA:187,0
DA:189,0
DA:190,0
DA:192,0
DA:198,0
DA:199,0
DA:201,0
DA:202,0
DA:203,0
DA:204,0
DA:206,0
DA:208,0
DA:209,0
DA:211,0
DA:213,0
DA:220,0
DA:222,0
DA:233,0
DA:234,0
DA:237,0
DA:239,0
DA:240,0
DA:241,0
DA:242,0
DA:243,0
DA:245,0
DA:247,0
DA:248,0
DA:249,0
DA:250,0
DA:256,0
DA:257,0
DA:258,0
DA:260,0
DA:261,0
DA:263,0
DA:264,0
DA:266,0
DA:270,0
DA:271,0
DA:272,0
DA:273,0
DA:277,0
DA:278,0
DA:279,0
DA:284,0
DA:285,0
DA:293,0
DA:294,0
DA:295,0
DA:297,0
DA:298,0
DA:300,0
DA:301,0
DA:302,0
DA:303,0
DA:307,0
DA:308,0
DA:309,0
DA:317,0
DA:318,0
DA:321,0
DA:323,0
DA:324,0
DA:325,0
DA:328,0
DA:329,0
DA:330,0
DA:336,0
DA:337,0
DA:338,0
DA:342,0
DA:343,0
DA:344,0
DA:345,0
DA:354,0
DA:377,0
DA:378,0
DA:380,0
DA:382,0
DA:383,0
DA:384,0
DA:385,0
DA:386,0
DA:387,0
DA:388,0
DA:389,0
DA:391,0
DA:392,0
DA:393,0
DA:394,0
DA:398,0
DA:402,0
DA:403,0
DA:404,0
DA:408,0
DA:409,0
DA:410,0
DA:411,0
DA:413,0
DA:414,0
DA:416,0
DA:417,0
DA:418,0
DA:422,0
DA:424,0
DA:426,0
DA:428,0
DA:429,0
DA:430,0
DA:431,0
DA:432,0
DA:433,0
DA:438,0
DA:439,0
DA:440,0
DA:442,0
DA:444,0
DA:445,0
DA:447,0
DA:448,0
DA:451,0
DA:454,0
DA:467,0
DA:470,0
DA:472,0
DA:477,0
DA:478,0
DA:484,0
DA:488,0
DA:489,0
DA:495,0
DA:496,0
DA:497,0
DA:503,0
DA:504,0
DA:505,0
DA:525,0
DA:526,0
DA:528,0
DA:529,0
DA:533,0
DA:534,0
DA:535,0
DA:536,0
DA:540,0
DA:541,0
DA:542,0
DA:543,0
DA:545,0
DA:546,0
DA:547,0
DA:548,0
DA:551,0
DA:552,0
DA:553,0
DA:560,0
DA:561,0
DA:562,0
DA:563,0
DA:564,0
DA:566,0
DA:567,0
DA:574,0
DA:575,0
DA:576,0
DA:577,0
DA:578,0
DA:582,0
DA:583,0
DA:584,0
DA:587,0
DA:590,0
DA:596,0
DA:597,0
DA:598,0
DA:599,0
DA:614,0
DA:615,0
DA:616,0
DA:618,0
DA:624,0
DA:626,0
DA:627,0
DA:630,0
DA:631,0
DA:632,0
DA:636,0
DA:644,0
DA:649,0
DA:650,0
DA:651,0
DA:655,0
DA:660,0
DA:661,0
DA:662,0
DA:672,0
DA:679,0
DA:681,0
DA:682,0
DA:684,0
DA:685,0
DA:686,0
DA:687,0
DA:688,0
DA:692,0
DA:693,0
DA:694,0
DA:696,0
DA:698,0
DA:700,0
DA:703,0
DA:704,0
DA:706,0
DA:707,0
DA:715,0
DA:717,0
DA:719,0
DA:725,0
DA:728,0
DA:736,0
DA:737,0
DA:740,0
DA:741,0
DA:742,0
DA:743,0
DA:744,0
DA:745,0
DA:746,0
DA:748,0
DA:749,0
DA:750,0
DA:768,0
DA:771,0
DA:772,0
DA:790,0
DA:791,0
DA:792,0
DA:794,0
DA:795,0
DA:796,0
DA:798,0
DA:799,0
DA:801,0
DA:802,0
DA:804,0
DA:805,0
DA:813,0
DA:814,0
DA:815,0
DA:818,0
DA:819,0
DA:820,0
DA:822,0
DA:823,0
DA:827,0
DA:828,0
DA:829,0
DA:837,0
DA:847,0
DA:853,0
DA:854,0
DA:855,0
DA:857,0
DA:858,0
DA:859,0
DA:864,0
DA:866,0
DA:867,0
DA:868,0
DA:869,0
DA:870,0
DA:876,0
DA:877,0
DA:878,0
DA:881,0
DA:885,0
DA:886,0
DA:887,0
DA:888,0
LF:366
LH:1
end_of_record
SF:lib\features\dashboard\widgets\recent_tasks_widget.dart
DA:18,0
DA:20,0
DA:21,0
DA:28,0
DA:30,0
DA:32,0
DA:34,0
DA:35,0
DA:36,0
DA:37,0
DA:38,0
DA:39,0
DA:40,0
DA:41,0
DA:42,0
DA:43,0
DA:44,0
DA:45,0
DA:46,0
DA:47,0
DA:48,0
DA:49,0
DA:50,0
DA:51,0
DA:52,0
DA:53,0
DA:55,0
DA:56,0
DA:57,0
DA:59,0
DA:60,0
DA:61,0
DA:70,0
DA:72,0
DA:77,0
DA:79,0
DA:81,0
DA:83,0
DA:85,0
DA:86,0
DA:87,0
DA:95,0
DA:96,0
DA:97,0
DA:98,0
DA:100,0
DA:115,0
DA:116,0
DA:117,0
DA:118,0
DA:119,0
DA:120,0
DA:121,0
DA:122,0
DA:123,0
DA:124,0
DA:125,0
DA:126,0
DA:127,0
DA:128,0
DA:129,0
DA:130,0
DA:131,0
DA:143,0
DA:144,0
DA:145,0
DA:146,0
DA:157,0
DA:159,0
DA:160,0
DA:164,0
DA:166,0
DA:167,0
DA:168,0
DA:169,0
DA:170,0
DA:172,0
DA:175,0
DA:176,0
DA:177,0
DA:178,0
DA:181,0
DA:182,0
DA:183,0
DA:184,0
DA:185,0
DA:186,0
DA:188,0
DA:189,0
DA:190,0
DA:191,0
DA:192,0
DA:193,0
DA:194,0
DA:195,0
DA:205,0
DA:206,0
DA:208,0
DA:209,0
DA:210,0
DA:211,0
DA:212,0
DA:213,0
DA:226,0
DA:227,0
DA:229,0
DA:230,0
DA:231,0
DA:232,0
DA:233,0
DA:238,0
DA:239,0
DA:240,0
DA:244,0
DA:245,0
DA:246,0
DA:247,0
DA:249,0
DA:250,0
DA:260,0
DA:262,0
DA:269,0
DA:271,0
DA:272,0
DA:277,0
DA:278,0
DA:280,0
DA:282,0
DA:286,0
DA:293,0
DA:294,0
DA:304,0
DA:305,0
DA:306,0
DA:307,0
DA:308,0
DA:309,0
DA:310,0
DA:311,0
DA:312,0
DA:314,0
DA:315,0
DA:316,0
DA:317,0
DA:319,0
DA:320,0
DA:321,0
DA:322,0
DA:323,0
DA:328,0
DA:330,0
DA:337,0
DA:339,0
DA:352,0
DA:353,0
DA:354,0
DA:355,0
DA:357,0
DA:363,0
DA:364,0
DA:365,0
DA:366,0
DA:372,0
DA:374,0
DA:381,0
DA:383,0
DA:397,0
DA:398,0
DA:401,0
DA:407,0
DA:409,0
DA:410,0
DA:413,0
DA:414,0
DA:415,0
DA:419,0
DA:421,0
DA:427,0
DA:431,0
DA:432,0
DA:433,0
DA:437,0
DA:438,0
DA:439,0
DA:441,0
DA:443,0
DA:444,0
DA:445,0
DA:446,0
DA:447,0
DA:451,0
DA:452,0
DA:459,0
DA:465,0
DA:467,0
DA:468,0
DA:470,0
DA:471,0
DA:472,0
DA:473,0
DA:475,0
DA:476,0
DA:477,0
DA:479,0
DA:481,0
DA:483,0
DA:486,0
DA:487,0
DA:489,0
DA:496,0
DA:503,0
DA:504,0
DA:507,0
DA:509,0
DA:510,0
DA:511,0
DA:512,0
DA:513,0
DA:516,0
DA:518,0
DA:525,0
DA:527,0
DA:528,0
DA:531,0
DA:533,0
DA:534,0
DA:535,0
DA:538,0
DA:541,0
DA:543,0
DA:549,0
DA:551,0
DA:552,0
DA:553,0
DA:555,0
DA:556,0
DA:558,0
DA:559,0
DA:561,0
DA:562,0
DA:568,0
DA:569,0
DA:570,0
DA:571,0
DA:573,0
DA:574,0
DA:575,0
DA:576,0
DA:577,0
DA:579,0
DA:581,0
DA:583,0
DA:591,0
DA:592,0
DA:594,0
DA:600,0
DA:601,0
DA:602,0
DA:603,0
DA:605,0
DA:606,0
DA:607,0
DA:609,0
DA:616,0
DA:618,0
DA:619,0
DA:620,0
DA:621,0
DA:622,0
DA:627,0
DA:628,0
DA:631,0
DA:632,0
DA:633,0
DA:634,0
DA:640,0
DA:641,0
DA:642,0
DA:643,0
DA:651,0
DA:656,0
DA:659,0
DA:660,0
DA:662,0
DA:664,0
DA:665,0
DA:668,0
DA:669,0
DA:670,0
DA:671,0
DA:672,0
DA:674,0
DA:676,0
DA:677,0
DA:680,0
DA:681,0
DA:682,0
DA:696,0
DA:697,0
DA:699,0
DA:701,0
DA:702,0
DA:704,0
DA:720,0
DA:721,0
DA:722,0
DA:723,0
DA:724,0
DA:725,0
DA:727,0
DA:729,0
DA:731,0
DA:732,0
DA:733,0
DA:734,0
DA:735,0
DA:736,0
DA:740,0
DA:741,0
DA:742,0
DA:743,0
DA:745,0
DA:746,0
DA:748,0
DA:749,0
DA:750,0
DA:751,0
DA:755,0
DA:756,0
DA:759,0
DA:760,0
DA:761,0
DA:767,0
DA:773,0
DA:774,0
DA:776,0
DA:783,0
DA:784,0
DA:786,0
DA:787,0
DA:788,0
DA:789,0
DA:794,0
DA:795,0
DA:796,0
DA:797,0
DA:800,0
DA:803,0
DA:814,0
DA:815,0
DA:817,0
DA:822,0
DA:823,0
DA:824,0
DA:825,0
DA:826,0
DA:828,0
DA:830,0
DA:833,0
DA:834,0
DA:840,0
DA:841,0
DA:845,0
DA:847,0
DA:848,0
DA:850,0
DA:854,0
DA:856,0
DA:861,0
DA:862,0
DA:863,0
DA:865,0
DA:883,0
DA:884,0
DA:885,0
DA:886,0
DA:888,0
DA:889,0
DA:890,0
DA:892,0
DA:893,0
DA:894,0
DA:896,0
DA:899,0
DA:900,0
DA:902,0
DA:909,0
DA:910,0
DA:914,0
DA:917,0
DA:918,0
DA:919,0
DA:920,0
DA:922,0
DA:926,0
DA:927,0
DA:928,0
DA:929,0
DA:930,0
DA:932,0
DA:933,0
DA:934,0
DA:935,0
DA:936,0
DA:937,0
DA:941,0
DA:942,0
DA:943,0
DA:944,0
DA:946,0
DA:955,0
DA:956,0
DA:957,0
DA:958,0
DA:959,0
DA:960,0
DA:962,0
DA:963,0
DA:964,0
DA:969,0
DA:972,0
DA:975,0
DA:980,0
DA:982,0
DA:984,0
DA:985,0
DA:987,0
DA:988,0
DA:989,0
DA:993,0
DA:994,0
DA:995,0
DA:996,0
DA:998,0
DA:999,0
DA:1001,0
DA:1002,0
DA:1003,0
DA:1004,0
DA:1008,0
DA:1012,0
DA:1013,0
DA:1026,0
DA:1027,0
DA:1029,0
DA:1036,0
DA:1037,0
DA:1039,0
DA:1040,0
DA:1041,0
DA:1042,0
DA:1047,0
DA:1048,0
DA:1050,0
DA:1067,0
DA:1068,0
DA:1070,0
DA:1075,0
DA:1076,0
DA:1077,0
DA:1078,0
DA:1079,0
DA:1081,0
DA:1083,0
DA:1086,0
DA:1087,0
DA:1093,0
DA:1109,0
DA:1111,0
DA:1113,0
DA:1114,0
DA:1115,0
DA:1116,0
DA:1117,0
DA:1119,0
DA:1122,0
DA:1123,0
DA:1124,0
DA:1125,0
DA:1126,0
DA:1130,0
DA:1131,0
DA:1132,0
DA:1133,0
DA:1140,0
DA:1141,0
DA:1145,0
DA:1146,0
DA:1147,0
DA:1148,0
DA:1149,0
DA:1150,0
DA:1152,0
DA:1155,0
DA:1156,0
DA:1157,0
DA:1158,0
DA:1160,0
LF:498
LH:0
end_of_record
SF:lib\features\dashboard\tasks\create_task_dialog.dart
DA:15,0
DA:19,0
DA:21,0
DA:22,0
DA:43,0
DA:45,0
DA:46,0
DA:47,0
DA:48,0
DA:49,0
DA:51,0
DA:52,0
DA:53,0
DA:54,0
DA:58,0
DA:60,0
DA:61,0
DA:62,0
DA:63,0
DA:66,0
DA:68,0
DA:70,0
DA:71,0
DA:72,0
DA:74,0
DA:76,0
DA:77,0
DA:79,0
DA:80,0
DA:81,0
DA:84,0
DA:86,0
DA:87,0
DA:88,0
DA:90,0
DA:92,0
DA:101,0
DA:102,0
DA:104,0
DA:105,0
DA:106,0
DA:112,0
DA:114,0
DA:122,0
DA:123,0
DA:132,0
DA:133,0
DA:134,0
DA:138,0
DA:139,0
DA:144,0
DA:145,0
DA:156,0
DA:157,0
DA:158,0
DA:162,0
DA:163,0
DA:175,0
DA:177,0
DA:178,0
DA:180,0
DA:187,0
DA:188,0
DA:190,0
DA:191,0
DA:192,0
DA:194,0
DA:195,0
DA:196,0
DA:197,0
DA:200,0
DA:201,0
DA:204,0
DA:206,0
DA:207,0
DA:208,0
DA:210,0
DA:211,0
DA:213,0
DA:214,0
DA:219,0
DA:220,0
DA:221,0
DA:222,0
DA:226,0
DA:227,0
DA:228,0
DA:241,0
DA:249,0
DA:251,0
DA:252,0
DA:254,0
DA:261,0
DA:262,0
DA:263,0
DA:264,0
DA:266,0
DA:268,0
DA:269,0
DA:270,0
DA:273,0
DA:274,0
DA:275,0
DA:280,0
DA:281,0
DA:282,0
DA:284,0
DA:285,0
DA:287,0
DA:293,0
DA:294,0
DA:295,0
DA:296,0
DA:297,0
DA:312,0
DA:313,0
DA:314,0
DA:318,0
DA:319,0
DA:331,0
DA:332,0
DA:333,0
DA:334,0
DA:336,0
DA:337,0
DA:339,0
DA:340,0
DA:347,0
DA:349,0
DA:350,0
DA:351,0
DA:353,0
DA:354,0
DA:358,0
DA:367,0
DA:368,0
DA:388,0
DA:389,0
DA:390,0
DA:391,0
DA:392,0
DA:393,0
DA:394,0
DA:395,0
DA:396,0
DA:397,0
DA:407,0
DA:408,0
DA:413,0
DA:414,0
DA:416,0
DA:419,0
DA:420,0
DA:422,0
DA:423,0
DA:424,0
DA:425,0
DA:427,0
DA:428,0
DA:430,0
DA:431,0
DA:433,0
DA:434,0
DA:436,0
DA:440,0
DA:442,0
DA:443,0
DA:444,0
DA:445,0
DA:448,0
DA:449,0
DA:450,0
DA:452,0
DA:455,0
DA:456,0
DA:457,0
DA:459,0
DA:460,0
DA:461,0
DA:463,0
DA:464,0
DA:465,0
DA:470,0
DA:471,0
DA:472,0
DA:473,0
DA:474,0
DA:482,0
DA:483,0
DA:484,0
DA:485,0
DA:491,0
DA:492,0
LF:193
LH:0
end_of_record
SF:lib\features\dashboard\tasks\create_task_group_dialog.dart
DA:14,1
DA:17,1
DA:19,0
DA:20,0
DA:51,0
DA:53,0
DA:54,0
DA:55,0
DA:56,0
DA:58,0
DA:59,0
DA:60,0
DA:64,0
DA:66,0
DA:67,0
DA:68,0
DA:71,0
DA:73,0
DA:75,0
DA:76,0
DA:77,0
DA:79,0
DA:81,0
DA:82,0
DA:84,0
DA:85,0
DA:86,0
DA:89,0
DA:91,0
DA:92,0
DA:93,0
DA:95,0
DA:97,0
DA:99,0
DA:100,0
DA:105,0
DA:106,0
DA:108,0
DA:109,0
DA:110,0
DA:116,0
DA:118,0
DA:126,0
DA:127,0
DA:136,0
DA:137,0
DA:138,0
DA:142,0
DA:143,0
DA:148,0
DA:149,0
DA:160,0
DA:161,0
DA:162,0
DA:166,0
DA:167,0
DA:179,0
DA:181,0
DA:182,0
DA:184,0
DA:191,0
DA:194,0
DA:196,0
DA:198,0
DA:205,0
DA:206,0
DA:207,0
DA:208,0
DA:209,0
DA:210,0
DA:211,0
DA:212,0
DA:215,0
DA:216,0
DA:217,0
DA:219,0
DA:221,0
DA:222,0
DA:229,0
DA:230,0
DA:246,0
DA:248,0
DA:249,0
DA:251,0
DA:258,0
DA:261,0
DA:262,0
DA:263,0
DA:264,0
DA:265,0
DA:266,0
DA:269,0
DA:270,0
DA:273,0
DA:274,0
DA:275,0
DA:276,0
DA:277,0
DA:284,0
DA:285,0
DA:286,0
DA:287,0
DA:288,0
DA:304,0
DA:312,0
DA:313,0
DA:314,0
DA:315,0
DA:316,0
DA:318,0
DA:319,0
DA:321,0
DA:322,0
DA:329,0
DA:331,0
DA:332,0
DA:333,0
DA:335,0
DA:336,0
DA:340,0
DA:349,0
DA:350,0
DA:370,0
DA:371,0
DA:373,0
DA:376,0
DA:377,0
DA:379,0
DA:380,0
DA:381,0
DA:382,0
DA:384,0
DA:385,0
DA:386,0
DA:388,0
DA:391,0
DA:393,0
DA:394,0
DA:395,0
DA:396,0
DA:399,0
DA:400,0
DA:401,0
DA:402,0
DA:404,0
DA:407,0
DA:408,0
DA:409,0
DA:410,0
DA:411,0
DA:419,0
DA:420,0
DA:421,0
DA:422,0
DA:428,0
DA:429,0
LF:156
LH:2
end_of_record
SF:lib\features\dashboard\tasks\all_tasks_view.dart
DA:17,0
DA:22,0
DA:24,0
DA:26,0
DA:27,0
DA:28,0
DA:29,0
DA:30,0
DA:31,0
DA:32,0
DA:33,0
DA:38,0
DA:39,0
DA:40,0
DA:41,0
DA:43,0
DA:48,0
DA:49,0
DA:50,0
DA:51,0
DA:55,0
DA:56,0
DA:57,0
DA:58,0
DA:59,0
DA:60,0
DA:61,0
DA:62,0
DA:63,0
DA:64,0
DA:65,0
DA:68,0
DA:71,0
DA:72,0
DA:76,0
DA:77,0
DA:79,0
DA:80,0
DA:84,0
DA:85,0
DA:86,0
DA:87,0
DA:89,0
DA:95,0
DA:98,0
DA:99,0
DA:101,0
DA:103,0
DA:105,0
DA:107,0
DA:109,0
DA:110,0
DA:112,0
DA:118,0
DA:119,0
DA:120,0
DA:121,0
DA:122,0
DA:123,0
DA:126,0
DA:127,0
DA:128,0
DA:129,0
DA:130,0
DA:132,0
DA:136,0
DA:137,0
DA:139,0
DA:145,0
DA:146,0
DA:147,0
DA:148,0
DA:149,0
DA:153,0
DA:154,0
DA:156,0
DA:162,0
DA:163,0
DA:164,0
DA:165,0
DA:175,0
DA:177,0
DA:180,0
DA:181,0
DA:182,0
DA:183,0
DA:184,0
DA:185,0
DA:186,0
DA:189,0
DA:193,0
DA:194,0
DA:195,0
DA:197,0
DA:198,0
DA:200,0
DA:201,0
DA:208,0
DA:210,0
DA:211,0
DA:212,0
DA:214,0
DA:215,0
DA:216,0
DA:218,0
DA:221,0
DA:230,0
DA:232,0
DA:233,0
DA:234,0
DA:236,0
DA:237,0
DA:238,0
DA:249,0
DA:250,0
DA:252,0
DA:254,0
DA:255,0
DA:256,0
DA:257,0
DA:258,0
DA:259,0
DA:263,0
DA:264,0
DA:265,0
DA:271,0
DA:273,0
DA:274,0
DA:275,0
DA:276,0
DA:277,0
DA:278,0
DA:279,0
DA:282,0
DA:285,0
DA:292,0
DA:294,0
DA:295,0
DA:296,0
DA:297,0
DA:298,0
DA:300,0
DA:302,0
DA:303,0
DA:305,0
DA:306,0
DA:308,0
DA:310,0
DA:323,0
DA:325,0
DA:326,0
DA:328,0
DA:329,0
DA:330,0
DA:338,0
DA:339,0
DA:340,0
DA:342,0
DA:343,0
DA:344,0
DA:346,0
DA:350,0
DA:352,0
DA:357,0
DA:358,0
DA:359,0
DA:361,0
DA:365,0
DA:370,0
DA:371,0
DA:372,0
DA:373,0
DA:374,0
DA:375,0
DA:376,0
DA:378,0
DA:379,0
DA:382,0
DA:385,0
DA:388,0
DA:390,0
DA:392,0
DA:394,0
DA:395,0
DA:396,0
DA:400,0
DA:401,0
DA:416,0
DA:419,0
DA:420,0
DA:421,0
DA:424,0
DA:425,0
DA:426,0
DA:427,0
DA:428,0
DA:432,0
DA:433,0
DA:436,0
DA:437,0
DA:438,0
DA:444,0
DA:450,0
DA:451,0
DA:453,0
DA:460,0
DA:462,0
DA:463,0
DA:466,0
DA:467,0
DA:468,0
DA:469,0
DA:471,0
DA:475,0
DA:476,0
DA:477,0
DA:478,0
DA:480,0
DA:481,0
DA:482,0
DA:484,0
DA:486,0
DA:488,0
DA:489,0
DA:494,0
DA:495,0
DA:496,0
DA:503,0
DA:505,0
DA:506,0
DA:507,0
DA:508,0
DA:513,0
DA:517,0
DA:521,0
DA:527,0
DA:529,0
DA:531,0
DA:532,0
DA:534,0
DA:535,0
DA:538,0
DA:539,0
DA:540,0
DA:546,0
DA:548,0
DA:549,0
DA:550,0
DA:551,0
DA:552,0
DA:556,0
DA:560,0
DA:561,0
DA:574,0
DA:575,0
DA:577,0
DA:582,0
DA:583,0
DA:589,0
DA:590,0
DA:592,0
DA:604,0
DA:606,0
DA:607,0
DA:608,0
DA:610,0
DA:612,0
DA:613,0
DA:615,0
DA:627,0
DA:629,0
DA:630,0
DA:631,0
DA:633,0
DA:634,0
DA:635,0
DA:637,0
DA:657,0
DA:660,0
DA:661,0
DA:662,0
DA:665,0
DA:668,0
DA:669,0
DA:670,0
DA:671,0
DA:672,0
DA:673,0
DA:675,0
DA:678,0
DA:679,0
DA:680,0
DA:687,0
DA:689,0
DA:691,0
DA:692,0
DA:693,0
DA:694,0
DA:703,0
DA:705,0
DA:706,0
DA:707,0
DA:708,0
DA:709,0
DA:710,0
DA:711,0
DA:712,0
DA:713,0
DA:714,0
DA:722,0
DA:725,0
DA:726,0
DA:727,0
DA:732,0
DA:733,0
DA:734,0
DA:742,0
DA:743,0
DA:744,0
DA:750,0
DA:752,0
DA:753,0
DA:759,0
DA:760,0
DA:761,0
DA:763,0
DA:764,0
DA:770,0
DA:772,0
DA:779,0
DA:781,0
DA:791,0
DA:792,0
DA:793,0
DA:795,0
DA:796,0
DA:802,0
DA:804,0
DA:811,0
DA:813,0
LF:340
LH:0
end_of_record
SF:lib\features\dashboard\tasks\task_group_card.dart
DA:18,0
DA:24,0
DA:26,0
DA:27,0
DA:33,0
DA:35,0
DA:37,0
DA:39,0
DA:40,0
DA:41,0
DA:42,0
DA:45,0
DA:46,0
DA:47,0
DA:53,0
DA:54,0
DA:56,0
DA:57,0
DA:58,0
DA:59,0
DA:62,0
DA:63,0
DA:65,0
DA:67,0
DA:69,0
DA:70,0
DA:72,0
DA:75,0
DA:76,0
DA:77,0
DA:78,0
DA:79,0
DA:84,0
DA:85,0
DA:86,0
DA:87,0
DA:88,0
DA:94,0
DA:95,0
DA:96,0
DA:104,0
DA:105,0
DA:107,0
DA:108,0
DA:109,0
DA:116,0
DA:118,0
DA:119,0
DA:120,0
DA:133,0
DA:134,0
DA:136,0
DA:137,0
DA:138,0
DA:140,0
DA:146,0
DA:147,0
DA:149,0
DA:171,0
DA:172,0
DA:173,0
DA:178,0
DA:179,0
DA:190,0
DA:192,0
DA:193,0
DA:195,0
DA:196,0
DA:197,0
DA:198,0
DA:204,0
DA:205,0
DA:206,0
DA:214,0
DA:216,0
DA:217,0
DA:218,0
DA:219,0
DA:220,0
DA:222,0
DA:223,0
DA:224,0
DA:226,0
DA:236,0
DA:237,0
DA:238,0
DA:239,0
DA:240,0
DA:241,0
DA:242,0
DA:257,0
DA:263,0
DA:264,0
DA:266,0
DA:267,0
DA:268,0
DA:269,0
DA:270,0
DA:271,0
DA:272,0
DA:273,0
DA:275,0
DA:276,0
DA:279,0
DA:286,0
DA:287,0
DA:288,0
DA:292,0
DA:293,0
DA:295,0
DA:296,0
DA:297,0
DA:298,0
DA:301,0
DA:305,0
DA:306,0
DA:307,0
DA:309,0
DA:310,0
DA:311,0
DA:315,0
DA:317,0
DA:319,0
DA:320,0
DA:328,0
DA:329,0
DA:330,0
DA:331,0
DA:332,0
DA:340,0
DA:341,0
DA:342,0
DA:350,0
DA:351,0
DA:352,0
DA:358,0
DA:360,0
DA:366,0
DA:372,0
DA:373,0
DA:375,0
DA:377,0
DA:378,0
DA:379,0
DA:380,0
DA:381,0
DA:385,0
DA:387,0
DA:388,0
DA:389,0
DA:390,0
DA:393,0
DA:396,0
DA:401,0
DA:402,0
DA:403,0
DA:404,0
DA:412,0
DA:414,0
DA:416,0
DA:419,0
DA:420,0
DA:421,0
DA:422,0
DA:423,0
DA:425,0
DA:426,0
DA:427,0
DA:434,0
DA:436,0
DA:438,0
DA:439,0
DA:440,0
DA:441,0
DA:442,0
DA:444,0
DA:446,0
DA:447,0
DA:449,0
DA:453,0
DA:455,0
DA:463,0
DA:468,0
DA:469,0
DA:470,0
DA:471,0
DA:472,0
DA:476,0
DA:477,0
DA:480,0
DA:481,0
DA:482,0
DA:488,0
DA:494,0
DA:495,0
DA:497,0
DA:504,0
DA:505,0
DA:506,0
DA:507,0
DA:508,0
DA:510,0
DA:511,0
DA:512,0
DA:513,0
DA:514,0
DA:518,0
DA:520,0
DA:521,0
DA:527,0
DA:529,0
DA:541,0
DA:542,0
DA:543,0
DA:545,0
DA:546,0
DA:547,0
DA:548,0
DA:550,0
DA:554,0
DA:555,0
DA:556,0
DA:558,0
DA:559,0
DA:560,0
DA:562,0
DA:563,0
DA:564,0
DA:569,0
DA:570,0
DA:571,0
DA:572,0
DA:573,0
DA:579,0
DA:580,0
DA:581,0
DA:582,0
LF:237
LH:0
end_of_record
SF:lib\scripts\fix_tasks_type.dart
DA:9,0
DA:10,0
DA:14,0
DA:15,0
DA:16,0
DA:18,0
DA:23,0
DA:24,0
DA:27,0
DA:29,0
DA:30,0
DA:31,0
DA:32,0
DA:33,0
DA:34,0
DA:37,0
DA:38,0
DA:42,0
DA:43,0
DA:44,0
DA:45,0
DA:48,0
LF:22
LH:0
end_of_record
SF:lib\firebase_options.dart
DA:18,0
DA:22,0
DA:23,0
DA:25,0
DA:27,0
DA:29,0
DA:31,0
DA:32,0
DA:37,0
LF:9
LH:0
end_of_record
SF:lib\main.dart
DA:17,0
DA:18,0
DA:21,0
DA:28,0
DA:29,0
DA:31,0
DA:33,0
DA:38,0
DA:39,0
DA:40,0
DA:41,0
DA:43,0
DA:46,0
DA:50,1
DA:52,0
DA:54,0
DA:55,0
DA:57,0
DA:60,0
DA:61,0
DA:65,0
DA:66,0
DA:76,0
DA:77,0
DA:79,0
DA:82,0
DA:86,0
DA:88,0
DA:93,0
DA:104,0
DA:106,0
DA:107,0
DA:110,0
DA:111,0
DA:116,0
DA:117,0
DA:119,0
DA:125,0
DA:128,0
DA:129,0
DA:130,0
DA:132,0
DA:133,0
DA:134,0
DA:136,0
DA:137,0
DA:140,0
DA:141,0
LF:48
LH:1
end_of_record
